GET /news/1/1 304 Thu, 26 Jan 2023 15:20:44 GMT
GET /news/1 200 Thu, 26 Jan 2023 15:21:42 GMT
GET /news/1 200 Thu, 26 Jan 2023 17:25:28 GMT
GET /news/1 304 Thu, 26 Jan 2023 17:25:35 GMT
GET /news/1 304 Thu, 26 Jan 2023 17:26:09 GMT
GET /news/1 304 Thu, 26 Jan 2023 17:26:39 GMT
GET /news 200 Thu, 26 Jan 2023 17:26:39 GMT
GET /news/1 304 Thu, 26 Jan 2023 17:26:43 GMT
GET /news 304 Thu, 26 Jan 2023 17:26:44 GMT
GET /news/1 304 Thu, 26 Jan 2023 17:26:45 GMT
GET /news 304 Thu, 26 Jan 2023 17:26:45 GMT
GET /news/1 304 Thu, 26 Jan 2023 17:26:48 GMT
GET /news 304 Thu, 26 Jan 2023 17:26:48 GMT
GET /news 304 Thu, 26 Jan 2023 17:27:48 GMT
GET /favicon.ico 404 Thu, 26 Jan 2023 17:27:48 GMT
GET /news/1 304 Thu, 26 Jan 2023 17:27:55 GMT
GET /log 200 Thu, 26 Jan 2023 18:48:38 GMT
GET /log 200 Thu, 26 Jan 2023 18:48:44 GMT
OPTIONS /weather 200 Thu, 26 Jan 2023 18:49:00 GMT
GET /news 304 Thu, 26 Jan 2023 18:49:00 GMT
GET /news/1 304 Thu, 26 Jan 2023 18:49:00 GMT
GET /weather 304 Thu, 26 Jan 2023 18:49:00 GMT
GET /news/1/0 304 Thu, 26 Jan 2023 18:49:07 GMT
OPTIONS /weather 200 Thu, 26 Jan 2023 18:49:07 GMT
GET /news/1 304 Thu, 26 Jan 2023 18:49:11 GMT
GET /news 304 Thu, 26 Jan 2023 18:49:11 GMT
GET /weather 304 Thu, 26 Jan 2023 18:49:12 GMT
GET /weather 304 Thu, 26 Jan 2023 18:49:12 GMT
GET /news/1 304 Thu, 26 Jan 2023 18:50:13 GMT
OPTIONS /weather 200 Thu, 26 Jan 2023 18:50:13 GMT
GET /news 304 Thu, 26 Jan 2023 18:50:14 GMT
GET /weather 304 Thu, 26 Jan 2023 18:50:15 GMT
GET /news/1 304 Thu, 26 Jan 2023 18:50:27 GMT
OPTIONS /weather 200 Thu, 26 Jan 2023 18:50:27 GMT
GET /news 304 Thu, 26 Jan 2023 18:50:27 GMT
GET /weather 304 Thu, 26 Jan 2023 18:50:37 GMT
OPTIONS /weather 200 Thu, 26 Jan 2023 18:50:57 GMT
GET /news/1 304 Thu, 26 Jan 2023 18:50:57 GMT
GET /news 304 Thu, 26 Jan 2023 18:50:57 GMT
GET /weather 304 Thu, 26 Jan 2023 18:50:57 GMT
OPTIONS /weather 200 Thu, 26 Jan 2023 18:51:39 GMT
GET /news/1 304 Thu, 26 Jan 2023 18:51:39 GMT
GET /news 304 Thu, 26 Jan 2023 18:51:39 GMT
GET /weather 304 Thu, 26 Jan 2023 18:51:41 GMT
OPTIONS /weather 200 Thu, 26 Jan 2023 18:51:47 GMT
GET /news/1 304 Thu, 26 Jan 2023 18:51:47 GMT
GET /news 304 Thu, 26 Jan 2023 18:51:48 GMT
GET /weather 304 Thu, 26 Jan 2023 18:51:48 GMT
GET /news/1 304 Thu, 26 Jan 2023 19:01:47 GMT
OPTIONS /weather 200 Thu, 26 Jan 2023 19:01:47 GMT
GET /news 304 Thu, 26 Jan 2023 19:01:47 GMT
GET /weather 304 Thu, 26 Jan 2023 19:01:48 GMT
GET /news/1 200 Thu, 26 Jan 2023 19:02:00 GMT
OPTIONS /weather 200 Thu, 26 Jan 2023 19:02:00 GMT
GET /weather 304 Thu, 26 Jan 2023 19:02:01 GMT
GET /news 304 Thu, 26 Jan 2023 19:02:01 GMT
OPTIONS /weather 200 Thu, 26 Jan 2023 19:02:31 GMT
GET /news/1 304 Thu, 26 Jan 2023 19:02:31 GMT
GET /news 304 Thu, 26 Jan 2023 19:02:31 GMT
GET /weather 304 Thu, 26 Jan 2023 19:02:33 GMT
OPTIONS /weather 200 Thu, 26 Jan 2023 19:02:41 GMT
GET /news/1 304 Thu, 26 Jan 2023 19:02:41 GMT
GET /news 304 Thu, 26 Jan 2023 19:02:41 GMT
GET /weather 304 Thu, 26 Jan 2023 19:02:42 GMT
GET /news/1 304 Thu, 26 Jan 2023 19:06:01 GMT
OPTIONS /weather 200 Thu, 26 Jan 2023 19:06:01 GMT
GET /news 304 Thu, 26 Jan 2023 19:06:01 GMT
GET /weather 304 Thu, 26 Jan 2023 19:06:08 GMT
GET /log 200 Thu, 26 Jan 2023 19:07:11 GMT
GET /news/1 304 Thu, 26 Jan 2023 19:07:14 GMT
OPTIONS /weather 200 Thu, 26 Jan 2023 19:07:14 GMT
GET /news 304 Thu, 26 Jan 2023 19:07:15 GMT
GET /weather 304 Thu, 26 Jan 2023 19:07:15 GMT
GET /news/1/0 200 Thu, 26 Jan 2023 19:07:20 GMT
OPTIONS /weather 200 Thu, 26 Jan 2023 19:07:20 GMT
GET /weather 304 Thu, 26 Jan 2023 19:07:20 GMT
GET /news/1 304 Thu, 26 Jan 2023 19:07:24 GMT
GET /weather 304 Thu, 26 Jan 2023 19:07:24 GMT
GET /news 304 Thu, 26 Jan 2023 19:07:24 GMT
OPTIONS /weather 200 Thu, 26 Jan 2023 19:07:54 GMT
GET /news/1 304 Thu, 26 Jan 2023 19:07:54 GMT
GET /news 304 Thu, 26 Jan 2023 19:07:54 GMT
GET /weather 304 Thu, 26 Jan 2023 19:07:54 GMT
GET /log 200 Thu, 26 Jan 2023 19:08:00 GMT
GET /news/1 304 Thu, 26 Jan 2023 19:08:06 GMT
OPTIONS /weather 200 Thu, 26 Jan 2023 19:08:06 GMT
GET /news 304 Thu, 26 Jan 2023 19:08:06 GMT
GET /weather 304 Thu, 26 Jan 2023 19:08:07 GMT
